<?xml version="1.0" encoding="UTF-8"?>
<!-- Generated by org.testng.reporters.JUnitXMLReporter -->
<testsuite hostname="Kiruthik" ignored="0" name="Default test" tests="6" failures="0" timestamp="07 Feb 2022 15:57:34 GMT" time="1.381" errors="0">
  <testcase name="fetchingData" time="0.032" classname="com.crm.testData.ReadFromExcelDataProvider"/>
  <testcase name="fetchingData" time="0.011" classname="com.crm.testData.ReadFromExcelDataProvider"/>
  <testcase name="fetchingData" time="0.011" classname="com.crm.testData.ReadFromExcelDataProvider"/>
  <testcase name="fetchingData" time="0.009" classname="com.crm.testData.ReadFromExcelDataProvider"/>
  <testcase name="fetchingData" time="0.004" classname="com.crm.testData.ReadFromExcelDataProvider"/>
  <testcase name="fetchingData" time="0.01" classname="com.crm.testData.ReadFromExcelDataProvider"/>
</testsuite> <!-- Default test -->
