<?xml version="1.0" encoding="UTF-8"?>
<testng-results skipped="0" failed="0" ignored="0" total="2" passed="2">
  <reporter-output>
  </reporter-output>
  <suite name="Default suite" duration-ms="188" started-at="2021-11-26T16:38:45Z" finished-at="2021-11-26T16:38:46Z">
    <groups>
    </groups>
    <test name="Default test" duration-ms="188" started-at="2021-11-26T16:38:45Z" finished-at="2021-11-26T16:38:46Z">
      <class name="com.TY.Demo">
        <test-method status="PASS" signature="browserOpen()[pri:0, instance:com.TY.Demo@c4039c]" name="browserOpen" is-config="true" duration-ms="30" started-at="2021-11-26T16:38:45Z" finished-at="2021-11-26T16:38:45Z">
          <reporter-output>
          </reporter-output>
        </test-method> <!-- browserOpen -->
        <test-method status="PASS" signature="logIn()[pri:0, instance:com.TY.Demo@c4039c]" name="logIn" is-config="true" duration-ms="1" started-at="2021-11-26T16:38:45Z" finished-at="2021-11-26T16:38:45Z">
          <reporter-output>
          </reporter-output>
        </test-method> <!-- logIn -->
        <test-method status="PASS" signature="resource()[pri:1, instance:com.TY.Demo@c4039c]" name="resource" duration-ms="25" started-at="2021-11-26T16:38:45Z" finished-at="2021-11-26T16:38:45Z">
          <reporter-output>
          </reporter-output>
        </test-method> <!-- resource -->
        <test-method status="PASS" signature="logout()[pri:0, instance:com.TY.Demo@c4039c]" name="logout" is-config="true" duration-ms="1" started-at="2021-11-26T16:38:45Z" finished-at="2021-11-26T16:38:45Z">
          <reporter-output>
          </reporter-output>
        </test-method> <!-- logout -->
        <test-method status="PASS" signature="logIn()[pri:0, instance:com.TY.Demo@c4039c]" name="logIn" is-config="true" duration-ms="1" started-at="2021-11-26T16:38:46Z" finished-at="2021-11-26T16:38:46Z">
          <reporter-output>
          </reporter-output>
        </test-method> <!-- logIn -->
        <test-method status="PASS" signature="lead()[pri:2, instance:com.TY.Demo@c4039c]" name="lead" duration-ms="7" started-at="2021-11-26T16:38:46Z" finished-at="2021-11-26T16:38:46Z">
          <reporter-output>
          </reporter-output>
        </test-method> <!-- lead -->
        <test-method status="PASS" signature="logout()[pri:0, instance:com.TY.Demo@c4039c]" name="logout" is-config="true" duration-ms="1" started-at="2021-11-26T16:38:46Z" finished-at="2021-11-26T16:38:46Z">
          <reporter-output>
          </reporter-output>
        </test-method> <!-- logout -->
        <test-method status="PASS" signature="browserClose()[pri:0, instance:com.TY.Demo@c4039c]" name="browserClose" is-config="true" duration-ms="1" started-at="2021-11-26T16:38:46Z" finished-at="2021-11-26T16:38:46Z">
          <reporter-output>
          </reporter-output>
        </test-method> <!-- browserClose -->
      </class> <!-- com.TY.Demo -->
    </test> <!-- Default test -->
  </suite> <!-- Default suite -->
</testng-results>
